Jan 21 22:06 : player: played "this-is-epica/Epica - Cry for the Moon (The Embrace That Smothers , Pt. 4).mp3"
Jan 21 22:09 : player: played "this is symphonic metal/Dimmu Borgir - Gateways.mp3"
Jan 21 22:13 : player: played "this is symphonic metal/Dimmu Borgir - Gateways.mp3"
Jan 21 22:18 : player: played "this is symphonic metal/Dimmu Borgir - The Serpentine Offering.mp3"
Jan 21 22:23 : player: played "suicide silence/Suicide Silence - Fuck Everything.mp3"
Jan 21 22:27 : player: played "suicide silence/Suicide Silence - You Only Live Once.mp3"
Jan 21 22:31 : player: played "this-is-epica/Epica - Abyss of Time - Countdown to Singularity -.mp3"
Jun 25 17:21 : update: added /Dimmu Borgir - Gateways.mp3
Jun 25 17:21 : update: added /Dimmu Borgir - Interdimensional Summit.mp3
Jun 25 17:21 : update: added /Dimmu Borgir - Progenies of the Great Apocalypse.mp3
Jun 25 17:21 : update: added /Dimmu Borgir - The Serpentine Offering.mp3
Jun 25 17:21 : update: updating /Downfall.mp3
Jun 25 17:21 : update: added /Epica - Never Enough.mp3
Jun 25 17:21 : update: added /Faith No More - We Care a Lot.mp3
Jun 25 17:21 : update: updating /Faun - Diese kalte Nacht.mp3
Jun 25 17:21 : update: updating /Faun - Federkleid.mp3
Jun 25 17:21 : update: added /Faun - Tanz mit mir.mp3
Jun 25 17:21 : update: added /Fiction.mp3
Jun 25 17:21 : update: added /Finally Free.mp3
Jun 26 23:48 : player: played "Faun - Diese kalte Nacht.mp3"
Jun 26 23:51 : player: played "Suicide Silence - You Only Live Once.mp3"
Jun 26 23:57 : player: played "Afterlife.mp3"
Jun 27 00:02 : player: played "Unbound (The Wild Ride).mp3"
Jun 27 00:20 : player: played "Sum 41 - Pieces.mp3"
Jun 27 00:25 : player: played "Cradle Of Filth The Death Of Love (Full Version) (320kbps).mp3"
Jun 27 01:21 : player: played "Blame Me! - Musket Fire.mp3"
Jun 27 01:25 : player: played "Blame Me! - Musket Fire.mp3"
Jun 27 01:30 : player: played "Epica - Never Enough.mp3"
Jun 27 01:35 : player: played "Aerosmith - I Don't Want to Miss a Thing - From 'Armageddon' Soundtrack.mp3"
Jun 27 01:39 : player: played "Týr - Nation.mp3"
Jun 27 01:43 : player: played "Bed Of Razors.mp3"
Jun 27 01:48 : player: played "Crimson Day.mp3"
Jun 27 01:56 : player: played "A Little Piece of Heaven.mp3"
Jun 27 02:03 : player: played "M.I.A..mp3"
Jun 27 02:03 : exception: Not playing
Jun 27 02:08 : player: played "Hail to The King.mp3"
Jun 27 02:13 : player: played "Epica - Never Enough.mp3"
Jun 27 02:17 : player: played "Bed Of Razors.mp3"
Jun 27 02:22 : player: played "Tonight the World Dies.mp3"
Jul 12 22:16 : exception: Failed to open /home/agung/.config/mpd/playlists: No such file or directory
Jul 12 22:16 : update: added /spotifydown.com - Trail Of Broken Hearts.mp3
Jul 12 22:16 : update: added /spotifydown.com - For Whom The Bell Tolls - Remastered.mp3
Jul 12 22:16 : update: added /spotifydown.com - Bitch Came Back.mp3
Jul 12 22:16 : update: added /spotifydown.com - Relax, Take It Easy.mp3
Jul 12 22:16 : update: added /spotifydown.com - The Unforgiven.mp3
Jul 12 22:16 : update: added /spotifydown.com - I Can Wait Forever.mp3
Jul 12 22:16 : update: added /spotifydown.com - Lonely Day.mp3
Jul 12 22:16 : update: added /spotifydown.com - Human.mp3
Jul 12 22:16 : update: added /Metallica - The Memory Remains.mp3
Jul 12 22:16 : update: added /spotifydown.com - The One.mp3
Jul 12 22:16 : update: added /spotifydown.com - Cry Thunder.mp3
Jul 12 22:16 : update: added /spotifydown.com - Chop Suey!.mp3
Jul 12 22:16 : update: added /Sabaton - Smoking Snakes.mp3
Jul 12 22:16 : update: added /spotifydown.com - Aerials.mp3
Jul 12 22:16 : update: added /spotifydown.com - Rain.mp3
Jul 12 22:16 : update: added /spotifydown.com - Santa Fe.mp3
Jul 12 22:16 : update: added /spotifydown.com - Master Of Puppets.mp3
Jul 12 22:16 : update: added /spotifydown.com - B.Y.O.B..mp3
Jul 12 22:16 : update: added /Sabaton - The Attack of the Dead Men.mp3
Jul 12 22:16 : update: added /spotifydown.com - Angel.mp3
Jul 12 22:16 : update: added /spotifydown.com - Summer Paradise.mp3
Jul 12 22:16 : update: added /spotifydown.com - No Leaf Clover - Live.mp3
Jul 12 22:16 : update: added /spotifydown.com - On the Sea.mp3
Jul 12 22:16 : update: added /spotifydown.com - Superheroes.mp3
Jul 12 22:16 : update: added /spotifydown.com - Not Meant to Be.mp3
Jul 12 22:16 : update: added /Metallica - Turn The Page.mp3
Jul 12 22:16 : update: added /spotifydown.com - Endure the Silence.mp3
Jul 12 22:16 : update: added /The Attack of the Dead Men - Sabaton.mp3
Jul 12 22:16 : update: added /spotifydown.com - Hall of Fame.mp3
Jul 12 22:16 : update: added /Metallica - Halo On Fire.mp3
Jul 12 22:16 : update: added /spotifydown.com - The Unforgiven II.mp3
Jul 12 22:16 : update: added /spotifydown.com - The Unforgiven III.mp3
Jul 12 22:16 : update: added /spotifydown.com - Believer.mp3
Jul 12 22:16 : update: added /spotifydown.com - Radio_Video.mp3
Jul 12 22:16 : update: added /spotifydown.com - Somebody Told Me.mp3
Jul 12 22:16 : update: added /spotifydown.com - The End Of The Line.mp3
Jul 12 22:16 : update: added /spotifydown.com - Toxicity.mp3
Jul 12 22:16 : update: added /spotifydown.com - Nothing Else Matters.mp3
Jul 12 22:16 : exception: Failed to open /home/agung/.config/mpd/playlists: No such file or directory
Jul 12 22:18 : player: played "Tonight the World Dies.mp3"
Jul 12 22:23 : player: played "Epica - Never Enough.mp3"
Jul 12 22:28 : player: played "Dimmu Borgir - Gateways.mp3"
Jul 12 22:35 : player: played "Sidewinder.mp3"
Jul 12 22:38 : player: played "Faun - Diese kalte Nacht.mp3"
Jul 12 22:43 : player: played "GALNERYUS - STILL LOVING YOU.mp3"
Jul 12 22:44 : player: played "4 00 AM.mp3"
Jul 12 22:54 : player: played "Strength of the World.mp3"
Jul 12 22:59 : player: played "Critical Acclaim.mp3"
Jul 12 23:04 : player: played "Unbound (The Wild Ride).mp3"
Jul 12 23:08 : player: played "Sidepony - Akankah Dia.mp3"
Jul 12 23:13 : player: played "GALNERYUS - THE TIME HAS COME.mp3"
Jul 12 23:17 : player: played "We Are The Others.mp3"
Jul 12 23:32 : player: played "So Far Away.mp3"
Jul 12 23:35 : player: played "Sum 41 - Pieces.mp3"
Jul 12 23:39 : player: played "Sabaton - To Hell and Back.mp3"
Jul 12 23:46 : player: played "GALNERYUS - SAVE YOU !.mp3"
Jul 12 23:51 : player: played "Hail to The King.mp3"
Jul 12 23:55 : player: played "[SPOTIFY-DOWNLOADER.COM] Here Without You.mp3"
Jul 13 00:00 : player: played "A Better Life.mp3"
Jul 13 00:01 : player: played "Children Of Bodom - Kissing The Shadows.mp3"
Jul 13 00:19 : player: played "Paramore  Thats What You Get.mp3"
Jul 13 00:24 : player: played "Living Dead Beat.mp3"
Jul 13 00:31 : player: played "Dimmu Borgir - The Serpentine Offering.mp3"
Jul 13 00:40 : player: played "On the Backs of Angels.mp3"
Jul 13 00:44 : player: played "The Crow, the Owl and the Dove.mp3"
Jul 13 00:56 : player: played "Finally Free.mp3"
Jul 13 01:02 : player: played "Save Me.mp3"
Jul 13 01:03 : player: played "Cradle Of Filth The Death Of Love (Full Version) (320kbps).mp3"
Jul 13 05:45 : player: played "Cradle Of Filth The Death Of Love (Full Version) (320kbps).mp3"
Jul 13 06:30 : player: played "Cradle Of Filth The Death Of Love (Full Version) (320kbps).mp3"
Jul 13 06:36 : player: played "Critical Acclaim.mp3"
Jul 13 06:46 : player: played "A Better Life.mp3"
Jul 13 06:51 : player: played "Downfall.mp3"
Jul 13 06:51 : player: played "Dimmu Borgir - Progenies of the Great Apocalypse.mp3"
Jul 13 07:08 : player: played "Dimmu Borgir - Progenies of the Great Apocalypse.mp3"
Jul 13 07:12 : player: played "Bed Of Razors.mp3"
Jul 13 07:16 : player: played "The Crow, the Owl and the Dove.mp3"
Jul 13 07:17 : player: played "Dimmu Borgir - The Serpentine Offering.mp3"
Jul 13 08:12 : player: played "Dimmu Borgir - The Serpentine Offering.mp3"
Jul 13 17:43 : player: played "Dimmu Borgir - The Serpentine Offering.mp3"
Jul 13 18:38 : player: played "Dimmu Borgir - The Serpentine Offering.mp3"
Jul 13 18:48 : player: played "Dimmu Borgir - The Serpentine Offering.mp3"
Jul 13 18:55 : player: played "Dimmu Borgir - The Serpentine Offering.mp3"
Jul 13 19:30 : player: played "Dimmu Borgir - The Serpentine Offering.mp3"
Jul 13 19:33 : player: played "[SPOTIFY-DOWNLOADER.COM] Here Without You.mp3"
Jul 13 20:26 : player: played "Strength of the World.mp3"
Jul 13 20:35 : player: played "Welcome to the Family.mp3"
Jul 13 20:40 : player: played "GALNERYUS  YOURE THE ONLY 2010 OFFICIAL MUSIC VIDEO.mp3"
Jul 13 20:40 : player: played "Aerosmith - I Don't Want to Miss a Thing - From 'Armageddon' Soundtrack.mp3"
Jul 13 21:33 : player: played "Aerosmith - I Don't Want to Miss a Thing - From 'Armageddon' Soundtrack.mp3"
Jul 13 21:53 : player: played "Pull Me Under.mp3"
Jul 13 22:13 : player: played "Bed Of Razors.mp3"
Jul 13 22:24 : player: played "Crimson Day.mp3"
Jul 13 22:25 : player: played "GALNERYUS - ANGEL OF SALVATION.mp3"
Jul 13 22:46 : player: played "GALNERYUS - ANGEL OF SALVATION.mp3"
Jul 13 22:55 : player: played "GALNERYUS - ANGEL OF SALVATION.mp3"
Jul 14 00:18 : player: played "Critical Acclaim.mp3"
Jul 14 00:24 : player: played "Dimmu Borgir - Gateways.mp3"
Jul 14 00:27 : player: played "Paramore  Thats What You Get.mp3"
Jul 14 00:31 : player: played "Brompton Cocktail.mp3"
Jul 14 00:36 : player: played "A Better Life.mp3"
Jul 14 00:40 : player: played "Nightwish - Bye Bye Beautiful.mp3"
Jul 14 00:48 : player: played "[SPOTIFY-DOWNLOADER.COM] Here Without You.mp3"
Jul 14 00:50 : player: played "[SPOTIFY-DOWNLOADER.COM] Here Without You.mp3"
Jul 14 00:51 : player: played "Aerosmith - I Don't Want to Miss a Thing - From 'Armageddon' Soundtrack.mp3"
WARNING: Unhandled message: interface=org.freedesktop.DBus, path=/org/freedesktop/DBus, member=ActivatableServicesChanged
WARNING: Unhandled message: interface=org.freedesktop.DBus, path=/org/freedesktop/DBus, member=ActivatableServicesChanged
WARNING: Unhandled message: interface=org.freedesktop.DBus, path=/org/freedesktop/DBus, member=ActivatableServicesChanged
WARNING: Unhandled message: interface=org.freedesktop.DBus, path=/org/freedesktop/DBus, member=ActivatableServicesChanged
WARNING: Unhandled message: interface=org.freedesktop.DBus, path=/org/freedesktop/DBus, member=ActivatableServicesChanged
WARNING: Unhandled message: interface=org.freedesktop.DBus, path=/org/freedesktop/DBus, member=ActivatableServicesChanged
WARNING: Unhandled message: interface=org.freedesktop.DBus, path=/org/freedesktop/DBus, member=ActivatableServicesChanged
WARNING: Unhandled message: interface=org.freedesktop.DBus, path=/org/freedesktop/DBus, member=ActivatableServicesChanged
WARNING: Unhandled message: interface=org.freedesktop.DBus, path=/org/freedesktop/DBus, member=ActivatableServicesChanged
WARNING: Unhandled message: interface=org.freedesktop.DBus, path=/org/freedesktop/DBus, member=ActivatableServicesChanged
WARNING: Unhandled message: interface=org.freedesktop.DBus, path=/org/freedesktop/DBus, member=ActivatableServicesChanged
WARNING: Unhandled message: interface=org.freedesktop.DBus, path=/org/freedesktop/DBus, member=ActivatableServicesChanged
WARNING: Unhandled message: interface=org.freedesktop.DBus, path=/org/freedesktop/DBus, member=ActivatableServicesChanged
WARNING: Unhandled message: interface=org.freedesktop.DBus, path=/org/freedesktop/DBus, member=ActivatableServicesChanged
WARNING: Unhandled message: interface=org.freedesktop.DBus, path=/org/freedesktop/DBus, member=ActivatableServicesChanged
WARNING: Unhandled message: interface=org.freedesktop.DBus, path=/org/freedesktop/DBus, member=ActivatableServicesChanged
WARNING: Unhandled message: interface=org.freedesktop.DBus, path=/org/freedesktop/DBus, member=ActivatableServicesChanged
WARNING: Unhandled message: interface=org.freedesktop.DBus, path=/org/freedesktop/DBus, member=ActivatableServicesChanged
WARNING: Unhandled message: interface=org.freedesktop.DBus, path=/org/freedesktop/DBus, member=ActivatableServicesChanged
WARNING: Unhandled message: interface=org.freedesktop.DBus, path=/org/freedesktop/DBus, member=ActivatableServicesChanged
WARNING: Unhandled message: interface=org.freedesktop.DBus, path=/org/freedesktop/DBus, member=ActivatableServicesChanged
WARNING: Unhandled message: interface=org.freedesktop.DBus, path=/org/freedesktop/DBus, member=ActivatableServicesChanged
Jul 14 01:18 : player: played "Tonight the World Dies.mp3"
Jul 14 01:21 : player: played "Faun - Diese kalte Nacht.mp3"
Jul 14 01:27 : player: played "GALNERYUS - STILL LOVING YOU.mp3"
Jul 14 01:31 : player: played "Welcome to the Family.mp3"
Jul 14 01:38 : player: played "Dear God.mp3"
Jul 14 01:43 : player: played "Critical Acclaim.mp3"
Jul 14 01:46 : player: played "Cradle Of Filth The Death Of Love (Full Version) (320kbps).mp3"
WARNING: Unhandled message: interface=org.freedesktop.DBus, path=/org/freedesktop/DBus, member=ActivatableServicesChanged
WARNING: Unhandled message: interface=org.freedesktop.DBus, path=/org/freedesktop/DBus, member=ActivatableServicesChanged
WARNING: Unhandled message: interface=org.freedesktop.DBus, path=/org/freedesktop/DBus, member=ActivatableServicesChanged
WARNING: Unhandled message: interface=org.freedesktop.DBus, path=/org/freedesktop/DBus, member=ActivatableServicesChanged
WARNING: Unhandled message: interface=org.freedesktop.DBus, path=/org/freedesktop/DBus, member=ActivatableServicesChanged
WARNING: Unhandled message: interface=org.freedesktop.DBus, path=/org/freedesktop/DBus, member=ActivatableServicesChanged
WARNING: Unhandled message: interface=org.freedesktop.DBus, path=/org/freedesktop/DBus, member=ActivatableServicesChanged
WARNING: Unhandled message: interface=org.freedesktop.DBus, path=/org/freedesktop/DBus, member=ActivatableServicesChanged
WARNING: Unhandled message: interface=org.freedesktop.DBus, path=/org/freedesktop/DBus, member=ActivatableServicesChanged
WARNING: Unhandled message: interface=org.freedesktop.DBus, path=/org/freedesktop/DBus, member=ActivatableServicesChanged
WARNING: Unhandled message: interface=org.freedesktop.DBus, path=/org/freedesktop/DBus, member=ActivatableServicesChanged
WARNING: Unhandled message: interface=org.freedesktop.DBus, path=/org/freedesktop/DBus, member=ActivatableServicesChanged
WARNING: Unhandled message: interface=org.freedesktop.DBus, path=/org/freedesktop/DBus, member=ActivatableServicesChanged
WARNING: Unhandled message: interface=org.freedesktop.DBus, path=/org/freedesktop/DBus, member=ActivatableServicesChanged
Jul 14 18:24 : player: played "Cradle Of Filth The Death Of Love (Full Version) (320kbps).mp3"
